#
# A fatal error has been detected by the Java Runtime Environment:
#
#  EXCEPTION_ACCESS_VIOLATION (0xc0000005) at pc=0x000000005696d77d, pid=8224, tid=0x0000000000007698
#
# JRE version: Java(TM) SE Runtime Environment (8.0_221-b11) (build 1.8.0_221-b11)
# Java VM: Java HotSpot(TM) 64-Bit Server VM (25.221-b11 mixed mode windows-amd64 compressed oops)
# Problematic frame:
# V  [jvm.dll+0x10d77d]
#
# Failed to write core dump. Minidumps are not enabled by default on client versions of Windows
#
# If you would like to submit a bug report, please visit:
#   http://bugreport.java.com/bugreport/crash.jsp
#

---------------  T H R E A D  ---------------

Current thread (0x000000001c186800):  JavaThread "http-nio-8080-exec-2" daemon [_thread_in_Java, id=30360, stack(0x000000001d260000,0x000000001d360000)]

siginfo: ExceptionCode=0xc0000005, ExceptionInformation=0x0000000000000003 0x0000000000000000

Registers:
RAX=0x000000010039fa18, RBX=0x0000000056e67738, RCX=0x00000000f8e4fff8, RDX=0x000000001e3ce0d8
RSP=0x000000001d35d3d0, RBP=0xf79da668e07a1710, RSI=0x0000000000000005, RDI=0x00000000f8ea2fc8
R8 =0x0000002e2823f201, R9 =0x00000000000000dc, R10=0x00000000570676a0, R11=0x0000000002efb4e0
R12=0x0000000000000000, R13=0x000000001d35d400, R14=0x000000001e3ce0d8, R15=0x000000001c186800
RIP=0x000000005696d77d, EFLAGS=0x0000000000010202

Top of Stack: (sp=0x000000001d35d3d0)
0x000000001d35d3d0:   0000000000000000 0000000013c3bbe8
0x000000001d35d3e0:   0000000000000000 000000001d35d400
0x000000001d35d3f0:   000000001d35d448 0000000002da80e0
0x000000001d35d400:   00000000f8e4fff8 000000001d35d408
0x000000001d35d410:   0000000013c3b19f 000000001d35d4c0
0x000000001d35d420:   0000000013cc5880 000000001e3ce0d8
0x000000001d35d430:   0000000013c3b1c0 000000001d35d400
0x000000001d35d440:   000000001d35d498 000000001d35d518
0x000000001d35d450:   0000000002da835d 0000000000000000
0x000000001d35d460:   0000000000000000 0000000000000000
0x000000001d35d470:   00000000e000dca0 0000000000000000
0x000000001d35d480:   000000000000002d 00000000ffffffff
0x000000001d35d490:   000000001c186805 00000000f8ea3198
0x000000001d35d4a0:   00000000e0003cb8 00000000e000dcf0
0x000000001d35d4b0:   00000000f8ea47f0 00000000f8ea3050
0x000000001d35d4c0:   00000000f8e4fff8 00000000f8ea3010 

Instructions: (pc=0x000000005696d77d)
0x000000005696d75d:   24 40 48 83 c4 20 41 5e 41 5d 41 5c c3 cc cc cc
0x000000005696d76d:   cc cc cc 40 55 48 83 ec 20 48 8b a9 98 01 00 00
0x000000005696d77d:   8b 45 00 44 8d 04 02 45 85 c0 75 13 48 8b 05 e8
0x000000005696d78d:   85 70 00 48 89 41 20 33 c0 48 83 c4 20 5d c3 85 


Register to memory mapping:

RAX=0x000000010039fa18 is pointing into metadata
RBX=0x0000000056e67738 is an unknown value
RCX=0x00000000f8e4fff8 is an oop
com.tigerbk.kakaoByTigerBk.common.ErrorMessage 
 - klass: 'com/tigerbk/kakaoByTigerBk/common/ErrorMessage'
RDX=0x000000001e3ce0d8 is pointing into metadata
RSP=0x000000001d35d3d0 is pointing into the stack for thread: 0x000000001c186800
RBP=0xf79da668e07a1710 is an unknown value
RSI=0x0000000000000005 is an unknown value
RDI=0x00000000f8ea2fc8 is an oop
java.lang.StringBuffer 
 - klass: 'java/lang/StringBuffer'
R8 =0x0000002e2823f201 is an unknown value
R9 =0x00000000000000dc is an unknown value
R10=0x00000000570676a0 is an unknown value
R11=0x0000000002efb4e0 is at entry_point+32 in (nmethod*)0x0000000002efb350
R12=0x0000000000000000 is an unknown value
R13=0x000000001d35d400 is pointing into the stack for thread: 0x000000001c186800
R14=0x000000001e3ce0d8 is pointing into metadata
R15=0x000000001c186800 is a thread


Stack: [0x000000001d260000,0x000000001d360000],  sp=0x000000001d35d3d0,  free space=1012k
Native frames: (J=compiled Java code, j=interpreted, Vv=VM code, C=native code)
V  [jvm.dll+0x10d77d]
C  0x0000000002da80e0


---------------  P R O C E S S  ---------------

Java Threads: ( => current thread )
  0x000000001c192800 JavaThread "RMI TCP Connection(6)-127.0.0.1" daemon [_thread_in_native, id=25852, stack(0x000000001e060000,0x000000001e160000)]
  0x000000001c18f800 JavaThread "RMI TCP Connection(5)-127.0.0.1" daemon [_thread_in_native, id=28032, stack(0x000000001df60000,0x000000001e060000)]
  0x000000001c190000 JavaThread "RMI TCP Connection(4)-127.0.0.1" daemon [_thread_in_native, id=15256, stack(0x000000001dd60000,0x000000001de60000)]
  0x000000001c18e800 JavaThread "RMI TCP Connection(3)-127.0.0.1" daemon [_thread_in_native, id=30712, stack(0x00000000185c0000,0x00000000186c0000)]
  0x000000001c18e000 JavaThread "DestroyJavaVM" [_thread_blocked, id=24608, stack(0x0000000002b00000,0x0000000002c00000)]
  0x000000001c184000 JavaThread "http-nio-8080-Acceptor" daemon [_thread_in_native, id=11964, stack(0x000000001dc60000,0x000000001dd60000)]
  0x000000001c185800 JavaThread "http-nio-8080-ClientPoller" daemon [_thread_in_native, id=3288, stack(0x000000001db60000,0x000000001dc60000)]
  0x000000001c18b000 JavaThread "http-nio-8080-exec-10" daemon [_thread_blocked, id=968, stack(0x000000001da60000,0x000000001db60000)]
  0x000000001c183800 JavaThread "http-nio-8080-exec-9" daemon [_thread_blocked, id=29400, stack(0x000000001d960000,0x000000001da60000)]
  0x000000001c187000 JavaThread "http-nio-8080-exec-8" daemon [_thread_blocked, id=2960, stack(0x000000001d860000,0x000000001d960000)]
  0x000000001c185000 JavaThread "http-nio-8080-exec-7" daemon [_thread_blocked, id=28436, stack(0x000000001d760000,0x000000001d860000)]
  0x000000001c18a000 JavaThread "http-nio-8080-exec-6" daemon [_thread_blocked, id=24116, stack(0x000000001d660000,0x000000001d760000)]
  0x000000001c189800 JavaThread "http-nio-8080-exec-5" daemon [_thread_blocked, id=30336, stack(0x000000001d560000,0x000000001d660000)]
  0x000000001c188000 JavaThread "http-nio-8080-exec-4" daemon [_thread_blocked, id=20108, stack(0x000000001d460000,0x000000001d560000)]
  0x000000001c188800 JavaThread "http-nio-8080-exec-3" daemon [_thread_blocked, id=20132, stack(0x000000001d360000,0x000000001d460000)]
=>0x000000001c186800 JavaThread "http-nio-8080-exec-2" daemon [_thread_in_Java, id=30360, stack(0x000000001d260000,0x000000001d360000)]
  0x0000000019268800 JavaThread "http-nio-8080-exec-1" daemon [_thread_blocked, id=23756, stack(0x000000001d160000,0x000000001d260000)]
  0x000000001926a800 JavaThread "http-nio-8080-BlockPoller" daemon [_thread_in_native, id=4428, stack(0x000000001d060000,0x000000001d160000)]
  0x0000000019267000 JavaThread "File Watcher" daemon [_thread_blocked, id=19508, stack(0x000000001ba90000,0x000000001bb90000)]
  0x000000001926a000 JavaThread "Live Reload Server" daemon [_thread_in_native, id=22772, stack(0x000000001bb90000,0x000000001bc90000)]
  0x0000000019266000 JavaThread "container-0" [_thread_blocked, id=19248, stack(0x000000001ae90000,0x000000001af90000)]
  0x0000000019269000 JavaThread "Catalina-utility-2" [_thread_blocked, id=20152, stack(0x000000001ad90000,0x000000001ae90000)]
  0x0000000019264800 JavaThread "Catalina-utility-1" [_thread_blocked, id=28004, stack(0x000000001ac90000,0x000000001ad90000)]
  0x0000000019265000 JavaThread "HikariPool-1 housekeeper" daemon [_thread_blocked, id=21676, stack(0x000000001a990000,0x000000001aa90000)]
  0x0000000019263800 JavaThread "MVStore background writer nio:C:/Users/TigerBK/test.mv.db" daemon [_thread_blocked, id=5372, stack(0x00000000186c0000,0x00000000187c0000)]
  0x0000000017471800 JavaThread "JMX server connection timeout 18" daemon [_thread_blocked, id=23248, stack(0x0000000017fe0000,0x00000000180e0000)]
  0x0000000017448000 JavaThread "RMI TCP Connection(2)-127.0.0.1" daemon [_thread_in_native, id=22300, stack(0x0000000017ee0000,0x0000000017fe0000)]
  0x0000000017447800 JavaThread "RMI Scheduler(0)" daemon [_thread_blocked, id=2040, stack(0x0000000017de0000,0x0000000017ee0000)]
  0x00000000173c2000 JavaThread "RMI TCP Connection(1)-127.0.0.1" daemon [_thread_in_native, id=26020, stack(0x0000000017ce0000,0x0000000017de0000)]
  0x00000000173bc800 JavaThread "RMI TCP Accept-0" daemon [_thread_in_native, id=11984, stack(0x0000000017ae0000,0x0000000017be0000)]
  0x00000000173ac000 JavaThread "RMI TCP Accept-11835" daemon [_thread_in_native, id=21696, stack(0x00000000179e0000,0x0000000017ae0000)]
  0x00000000173a0000 JavaThread "RMI TCP Accept-0" daemon [_thread_in_native, id=11944, stack(0x00000000178e0000,0x00000000179e0000)]
  0x0000000016629000 JavaThread "Service Thread" daemon [_thread_blocked, id=29436, stack(0x0000000016fe0000,0x00000000170e0000)]
  0x000000001658c800 JavaThread "C1 CompilerThread3" daemon [_thread_in_vm, id=13576, stack(0x0000000016ee0000,0x0000000016fe0000)]
  0x0000000016580800 JavaThread "C2 CompilerThread2" daemon [_thread_blocked, id=264, stack(0x0000000016de0000,0x0000000016ee0000)]
  0x000000001657d800 JavaThread "C2 CompilerThread1" daemon [_thread_blocked, id=16260, stack(0x0000000016ce0000,0x0000000016de0000)]
  0x0000000016577000 JavaThread "C2 CompilerThread0" daemon [_thread_blocked, id=28136, stack(0x0000000016be0000,0x0000000016ce0000)]
  0x000000001656e000 JavaThread "Attach Listener" daemon [_thread_blocked, id=19444, stack(0x0000000016ae0000,0x0000000016be0000)]
  0x000000001656d000 JavaThread "Signal Dispatcher" daemon [_thread_blocked, id=28752, stack(0x00000000169e0000,0x0000000016ae0000)]
  0x0000000014615000 JavaThread "Finalizer" daemon [_thread_blocked, id=11484, stack(0x00000000168e0000,0x00000000169e0000)]
  0x000000001460e000 JavaThread "Reference Handler" daemon [_thread_blocked, id=15668, stack(0x00000000163e0000,0x00000000164e0000)]

Other Threads:
  0x0000000014606800 VMThread [stack: 0x00000000162e0000,0x00000000163e0000] [id=30464]
  0x00000000173bf800 WatcherThread [stack: 0x0000000017be0000,0x0000000017ce0000] [id=5376]

VM state:synchronizing (normal execution)

VM Mutex/Monitor currently owned by a thread:  ([mutex/lock_event])
[0x0000000002ca6170] Safepoint_lock - owner thread: 0x0000000014606800
[0x0000000002ca5cf0] Threads_lock - owner thread: 0x0000000014606800

heap address: 0x00000000e0000000, size: 512 MB, Compressed Oops mode: 32-bit
Narrow klass base: 0x0000000000000000, Narrow klass shift: 3
Compressed class space size: 1073741824 Address: 0x0000000100000000

Heap:
 PSYoungGen      total 158720K, used 74969K [0x00000000f5580000, 0x0000000100000000, 0x0000000100000000)
  eden space 142848K, 41% used [0x00000000f5580000,0x00000000f8f3a3c0,0x00000000fe100000)
  from space 15872K, 99% used [0x00000000fe100000,0x00000000ff07c178,0x00000000ff080000)
  to   space 15872K, 0% used [0x00000000ff080000,0x00000000ff080000,0x0000000100000000)
 ParOldGen       total 146944K, used 19617K [0x00000000e0000000, 0x00000000e8f80000, 0x00000000f5580000)
  object space 146944K, 13% used [0x00000000e0000000,0x00000000e13284e8,0x00000000e8f80000)
 Metaspace       used 52583K, capacity 55670K, committed 55936K, reserved 1097728K
  class space    used 7456K, capacity 8000K, committed 8064K, reserved 1048576K

Card table byte_map: [0x0000000012160000,0x0000000012270000] byte_map_base: 0x0000000011a60000

Marking Bits: (ParMarkBitMap*) 0x0000000057085ce0
 Begin Bits: [0x0000000012b20000, 0x0000000013320000)
 End Bits:   [0x0000000013320000, 0x0000000013b20000)

Polling page: 0x0000000000e50000

CodeCache: size=245760Kb used=7834Kb max_used=7844Kb free=237925Kb
 bounds [0x0000000002da0000, 0x0000000003550000, 0x0000000011da0000]
 total_blobs=4762 nmethods=4198 adapters=475
 compilation: enabled

Compilation events (10 events):
Event: 32.509 Thread 0x000000001658c800 4266       1       org.h2.expression.condition.Comparison::compare (489 bytes)
Event: 32.511 Thread 0x000000001658c800 nmethod 4266 0x0000000003549d50 code [0x000000000354a000, 0x000000000354aa38]
Event: 32.511 Thread 0x000000001658c800 4267       1       org.h2.engine.Database::compareWithNull (12 bytes)
Event: 32.512 Thread 0x000000001658c800 nmethod 4267 0x0000000003333110 code [0x0000000003333260, 0x00000000033333a8]
Event: 32.512 Thread 0x000000001658c800 4269       1       java.lang.Class::getPackage (5 bytes)
Event: 32.512 Thread 0x000000001658c800 nmethod 4269 0x0000000003332e10 code [0x0000000003332f60, 0x0000000003333088]
Event: 32.512 Thread 0x000000001658c800 4270       1       java.lang.Package::getPackage (46 bytes)
Event: 32.513 Thread 0x000000001658c800 nmethod 4270 0x0000000003355450 code [0x0000000003355620, 0x00000000033559e8]
Event: 32.514 Thread 0x000000001658c800 4271       1       java.util.IdentityHashMap::init (11 bytes)
Event: 32.514 Thread 0x000000001658c800 nmethod 4271 0x00000000032d35d0 code [0x00000000032d3720, 0x00000000032d38d0]

GC Heap History (10 events):
Event: 5.991 GC heap before
{Heap before GC invocations=5 (full 1):
 PSYoungGen      total 75776K, used 65024K [0x00000000f5580000, 0x00000000fe980000, 0x0000000100000000)
  eden space 65024K, 100% used [0x00000000f5580000,0x00000000f9500000,0x00000000f9500000)
  from space 10752K, 0% used [0x00000000f9500000,0x00000000f9500000,0x00000000f9f80000)
  to   space 10752K, 0% used [0x00000000fdf00000,0x00000000fdf00000,0x00000000fe980000)
 ParOldGen       total 94720K, used 8434K [0x00000000e0000000, 0x00000000e5c80000, 0x00000000f5580000)
  object space 94720K, 8% used [0x00000000e0000000,0x00000000e083c9b8,0x00000000e5c80000)
 Metaspace       used 21547K, capacity 22486K, committed 22656K, reserved 1069056K
  class space    used 2945K, capacity 3152K, committed 3200K, reserved 1048576K
Event: 5.996 GC heap after
Heap after GC invocations=5 (full 1):
 PSYoungGen      total 111104K, used 3076K [0x00000000f5580000, 0x00000000fe280000, 0x0000000100000000)
  eden space 107520K, 0% used [0x00000000f5580000,0x00000000f5580000,0x00000000fbe80000)
  from space 3584K, 85% used [0x00000000fdf00000,0x00000000fe201188,0x00000000fe280000)
  to   space 10752K, 0% used [0x00000000fcd80000,0x00000000fcd80000,0x00000000fd800000)
 ParOldGen       total 94720K, used 8442K [0x00000000e0000000, 0x00000000e5c80000, 0x00000000f5580000)
  object space 94720K, 8% used [0x00000000e0000000,0x00000000e083e9b8,0x00000000e5c80000)
 Metaspace       used 21547K, capacity 22486K, committed 22656K, reserved 1069056K
  class space    used 2945K, capacity 3152K, committed 3200K, reserved 1048576K
}
Event: 7.833 GC heap before
{Heap before GC invocations=6 (full 1):
 PSYoungGen      total 111104K, used 110596K [0x00000000f5580000, 0x00000000fe280000, 0x0000000100000000)
  eden space 107520K, 100% used [0x00000000f5580000,0x00000000fbe80000,0x00000000fbe80000)
  from space 3584K, 85% used [0x00000000fdf00000,0x00000000fe201188,0x00000000fe280000)
  to   space 10752K, 0% used [0x00000000fcd80000,0x00000000fcd80000,0x00000000fd800000)
 ParOldGen       total 94720K, used 8442K [0x00000000e0000000, 0x00000000e5c80000, 0x00000000f5580000)
  object space 94720K, 8% used [0x00000000e0000000,0x00000000e083e9b8,0x00000000e5c80000)
 Metaspace       used 27740K, capacity 29484K, committed 29568K, reserved 1075200K
  class space    used 3866K, capacity 4220K, committed 4224K, reserved 1048576K
Event: 7.848 GC heap after
Heap after GC invocations=6 (full 1):
 PSYoungGen      total 133632K, used 10745K [0x00000000f5580000, 0x0000000100000000, 0x0000000100000000)
  eden space 122880K, 0% used [0x00000000f5580000,0x00000000f5580000,0x00000000fcd80000)
  from space 10752K, 99% used [0x00000000fcd80000,0x00000000fd7fe6e0,0x00000000fd800000)
  to   space 14336K, 0% used [0x00000000ff200000,0x00000000ff200000,0x0000000100000000)
 ParOldGen       total 94720K, used 9029K [0x00000000e0000000, 0x00000000e5c80000, 0x00000000f5580000)
  object space 94720K, 9% used [0x00000000e0000000,0x00000000e08d16a8,0x00000000e5c80000)
 Metaspace       used 27740K, capacity 29484K, committed 29568K, reserved 1075200K
  class space    used 3866K, capacity 4220K, committed 4224K, reserved 1048576K
}
Event: 8.960 GC heap before
{Heap before GC invocations=7 (full 1):
 PSYoungGen      total 133632K, used 107743K [0x00000000f5580000, 0x0000000100000000, 0x0000000100000000)
  eden space 122880K, 78% used [0x00000000f5580000,0x00000000fb439850,0x00000000fcd80000)
  from space 10752K, 99% used [0x00000000fcd80000,0x00000000fd7fe6e0,0x00000000fd800000)
  to   space 14336K, 0% used [0x00000000ff200000,0x00000000ff200000,0x0000000100000000)
 ParOldGen       total 94720K, used 9029K [0x00000000e0000000, 0x00000000e5c80000, 0x00000000f5580000)
  object space 94720K, 9% used [0x00000000e0000000,0x00000000e08d16a8,0x00000000e5c80000)
 Metaspace       used 33467K, capacity 35296K, committed 35416K, reserved 1079296K
  class space    used 4484K, capacity 4838K, committed 4864K, reserved 1048576K
Event: 8.976 GC heap after
Heap after GC invocations=7 (full 1):
 PSYoungGen      total 157184K, used 11615K [0x00000000f5580000, 0x0000000100000000, 0x0000000100000000)
  eden space 142848K, 0% used [0x00000000f5580000,0x00000000f5580000,0x00000000fe100000)
  from space 14336K, 81% used [0x00000000ff200000,0x00000000ffd57d08,0x0000000100000000)
  to   space 15872K, 0% used [0x00000000fe100000,0x00000000fe100000,0x00000000ff080000)
 ParOldGen       total 94720K, used 9037K [0x00000000e0000000, 0x00000000e5c80000, 0x00000000f5580000)
  object space 94720K, 9% used [0x00000000e0000000,0x00000000e08d36a8,0x00000000e5c80000)
 Metaspace       used 33467K, capacity 35296K, committed 35416K, reserved 1079296K
  class space    used 4484K, capacity 4838K, committed 4864K, reserved 1048576K
}
Event: 8.976 GC heap before
{Heap before GC invocations=8 (full 2):
 PSYoungGen      total 157184K, used 11615K [0x00000000f5580000, 0x0000000100000000, 0x0000000100000000)
  eden space 142848K, 0% used [0x00000000f5580000,0x00000000f5580000,0x00000000fe100000)
  from space 14336K, 81% used [0x00000000ff200000,0x00000000ffd57d08,0x0000000100000000)
  to   space 15872K, 0% used [0x00000000fe100000,0x00000000fe100000,0x00000000ff080000)
 ParOldGen       total 94720K, used 9037K [0x00000000e0000000, 0x00000000e5c80000, 0x00000000f5580000)
  object space 94720K, 9% used [0x00000000e0000000,0x00000000e08d36a8,0x00000000e5c80000)
 Metaspace       used 33467K, capacity 35296K, committed 35416K, reserved 1079296K
  class space    used 4484K, capacity 4838K, committed 4864K, reserved 1048576K
Event: 9.045 GC heap after
Heap after GC invocations=8 (full 2):
 PSYoungGen      total 157184K, used 0K [0x00000000f5580000, 0x0000000100000000, 0x0000000100000000)
  eden space 142848K, 0% used [0x00000000f5580000,0x00000000f5580000,0x00000000fe100000)
  from space 14336K, 0% used [0x00000000ff200000,0x00000000ff200000,0x0000000100000000)
  to   space 15872K, 0% used [0x00000000fe100000,0x00000000fe100000,0x00000000ff080000)
 ParOldGen       total 146944K, used 16466K [0x00000000e0000000, 0x00000000e8f80000, 0x00000000f5580000)
  object space 146944K, 11% used [0x00000000e0000000,0x00000000e1014be8,0x00000000e8f80000)
 Metaspace       used 33467K, capacity 35296K, committed 35416K, reserved 1079296K
  class space    used 4484K, capacity 4838K, committed 4864K, reserved 1048576K
}
Event: 11.894 GC heap before
{Heap before GC invocations=9 (full 2):
 PSYoungGen      total 157184K, used 142848K [0x00000000f5580000, 0x0000000100000000, 0x0000000100000000)
  eden space 142848K, 100% used [0x00000000f5580000,0x00000000fe100000,0x00000000fe100000)
  from space 14336K, 0% used [0x00000000ff200000,0x00000000ff200000,0x0000000100000000)
  to   space 15872K, 0% used [0x00000000fe100000,0x00000000fe100000,0x00000000ff080000)
 ParOldGen       total 146944K, used 16466K [0x00000000e0000000, 0x00000000e8f80000, 0x00000000f5580000)
  object space 146944K, 11% used [0x00000000e0000000,0x00000000e1014be8,0x00000000e8f80000)
 Metaspace       used 48456K, capacity 51228K, committed 51456K, reserved 1093632K
  class space    used 6888K, capacity 7405K, committed 7424K, reserved 1048576K
Event: 11.919 GC heap after
Heap after GC invocations=9 (full 2):
 PSYoungGen      total 158720K, used 15856K [0x00000000f5580000, 0x0000000100000000, 0x0000000100000000)
  eden space 142848K, 0% used [0x00000000f5580000,0x00000000f5580000,0x00000000fe100000)
  from space 15872K, 99% used [0x00000000fe100000,0x00000000ff07c178,0x00000000ff080000)
  to   space 15872K, 0% used [0x00000000ff080000,0x00000000ff080000,0x0000000100000000)
 ParOldGen       total 146944K, used 19617K [0x00000000e0000000, 0x00000000e8f80000, 0x00000000f5580000)
  object space 146944K, 13% used [0x00000000e0000000,0x00000000e13284e8,0x00000000e8f80000)
 Metaspace       used 48456K, capacity 51228K, committed 51456K, reserved 1093632K
  class space    used 6888K, capacity 7405K, committed 7424K, reserved 1048576K
}

Deoptimization events (0 events):
No events

Classes redefined (0 events):
No events

Internal exceptions (10 events):
Event: 12.067 Thread 0x0000000017619000 Exception <a 'java/lang/ArrayIndexOutOfBoundsException'> (0x00000000f5b7da88) thrown at [C:\re\workspace\8-2-build-windows-amd64-cygwin\jdk8u221\13320\hotspot\src\share\vm\runtime\sharedRuntime.cpp, line 605]
Event: 12.068 Thread 0x0000000017619000 Exception <a 'java/lang/ArrayIndexOutOfBoundsException'> (0x00000000f5b81ba8) thrown at [C:\re\workspace\8-2-build-windows-amd64-cygwin\jdk8u221\13320\hotspot\src\share\vm\runtime\sharedRuntime.cpp, line 605]
Event: 12.124 Thread 0x0000000017619000 Exception <a 'java/lang/ArrayIndexOutOfBoundsException'> (0x00000000f5ee4998) thrown at [C:\re\workspace\8-2-build-windows-amd64-cygwin\jdk8u221\13320\hotspot\src\share\vm\runtime\sharedRuntime.cpp, line 605]
Event: 29.385 Thread 0x0000000019268800 Exception <a 'java/lang/NoSuchMethodError': java.lang.Object.lambda$mapIfAllPresent$6(Ljava/util/Optional;Ljava/util/function/BiFunction;Ljava/lang/Object;)Ljava/util/Optional;> (0x00000000f88b8a40) thrown at [C:\re\workspace\8-2-build-windows-amd64-cygwi
Event: 29.385 Thread 0x0000000019268800 Exception <a 'java/lang/NoSuchMethodError': java.lang.Object.lambda$null$5(Ljava/util/function/BiFunction;Ljava/lang/Object;Ljava/lang/Object;)Ljava/lang/Object;> (0x00000000f88bd360) thrown at [C:\re\workspace\8-2-build-windows-amd64-cygwin\jdk8u221\1332
Event: 29.426 Thread 0x0000000019268800 Exception <a 'java/lang/ClassCastException': com.tigerbk.kakaoByTigerBk.common.ErrorMessage cannot be cast to java.lang.Throwable> (0x00000000f89e2c60) thrown at [C:\re\workspace\8-2-build-windows-amd64-cygwin\jdk8u221\13320\hotspot\src\share\vm\interpret
Event: 29.430 Thread 0x0000000019268800 Exception <a 'java/lang/reflect/InvocationTargetException'> (0x00000000f89fe180) thrown at [C:\re\workspace\8-2-build-windows-amd64-cygwin\jdk8u221\13320\hotspot\src\share\vm\runtime\reflection.cpp, line 1092]
Event: 29.472 Thread 0x0000000019268800 Exception <a 'java/lang/reflect/InvocationTargetException'> (0x00000000f8bc9310) thrown at [C:\re\workspace\8-2-build-windows-amd64-cygwin\jdk8u221\13320\hotspot\src\share\vm\runtime\reflection.cpp, line 1092]
Event: 32.506 Thread 0x000000001c186800 Exception <a 'java/lang/ClassCastException': com.tigerbk.kakaoByTigerBk.common.ErrorMessage cannot be cast to java.lang.Throwable> (0x00000000f8e36c50) thrown at [C:\re\workspace\8-2-build-windows-amd64-cygwin\jdk8u221\13320\hotspot\src\share\vm\interpret
Event: 32.509 Thread 0x000000001c186800 Exception <a 'java/lang/reflect/InvocationTargetException'> (0x00000000f8e50010) thrown at [C:\re\workspace\8-2-build-windows-amd64-cygwin\jdk8u221\13320\hotspot\src\share\vm\runtime\reflection.cpp, line 1092]

Events (10 events):
Event: 32.510 Executing VM operation: RevokeBias
Event: 32.510 Executing VM operation: RevokeBias done
Event: 32.511 Executing VM operation: RevokeBias
Event: 32.511 Executing VM operation: RevokeBias done
Event: 32.511 Executing VM operation: RevokeBias
Event: 32.511 Executing VM operation: RevokeBias done
Event: 32.511 Executing VM operation: RevokeBias
Event: 32.511 Executing VM operation: RevokeBias done
Event: 32.512 Executing VM operation: RevokeBias
Event: 32.512 Executing VM operation: RevokeBias done


Dynamic libraries:
0x00007ff68d8e0000 - 0x00007ff68d917000 	C:\Program Files\Java\jre1.8.0_221\bin\javaw.exe
0x00007ffdcf6a0000 - 0x00007ffdcf890000 	C:\WINDOWS\SYSTEM32\ntdll.dll
0x00007ffdcf120000 - 0x00007ffdcf1d2000 	C:\WINDOWS\System32\KERNEL32.DLL
0x00007ffdcd290000 - 0x00007ffdcd533000 	C:\WINDOWS\System32\KERNELBASE.dll
0x00007ffdcf070000 - 0x00007ffdcf113000 	C:\WINDOWS\System32\ADVAPI32.dll
0x00007ffdcefd0000 - 0x00007ffdcf06e000 	C:\WINDOWS\System32\msvcrt.dll
0x00007ffdcf5c0000 - 0x00007ffdcf657000 	C:\WINDOWS\System32\sechost.dll
0x00007ffdcd910000 - 0x00007ffdcda30000 	C:\WINDOWS\System32\RPCRT4.dll
0x00007ffdcee10000 - 0x00007ffdcefa4000 	C:\WINDOWS\System32\USER32.dll
0x00007ffdcd6d0000 - 0x00007ffdcd6f1000 	C:\WINDOWS\System32\win32u.dll
0x00007ffdcda30000 - 0x00007ffdcda56000 	C:\WINDOWS\System32\GDI32.dll
0x00007ffdccf00000 - 0x00007ffdcd094000 	C:\WINDOWS\System32\gdi32full.dll
0x00007ffdcd1f0000 - 0x00007ffdcd28e000 	C:\WINDOWS\System32\msvcp_win.dll
0x00007ffdcce00000 - 0x00007ffdccefa000 	C:\WINDOWS\System32\ucrtbase.dll
0x00007ffdb03a0000 - 0x00007ffdb0625000 	C:\WINDOWS\WinSxS\amd64_microsoft.windows.common-controls_6595b64144ccf1df_6.0.18362.778_none_e6c6b761130d4fb8\COMCTL32.dll
0x00007ffdcdd70000 - 0x00007ffdce0a6000 	C:\WINDOWS\System32\combase.dll
0x00007ffdcd540000 - 0x00007ffdcd5c0000 	C:\WINDOWS\System32\bcryptPrimitives.dll
0x00007ffdcede0000 - 0x00007ffdcee0e000 	C:\WINDOWS\System32\IMM32.DLL
0x00000000566a0000 - 0x0000000056772000 	C:\Program Files\Java\jre1.8.0_221\bin\msvcr100.dll
0x0000000056860000 - 0x0000000057105000 	C:\Program Files\Java\jre1.8.0_221\bin\server\jvm.dll
0x00007ffdcdbb0000 - 0x00007ffdcdbb8000 	C:\WINDOWS\System32\PSAPI.DLL
0x00007ffdc48e0000 - 0x00007ffdc48ea000 	C:\WINDOWS\SYSTEM32\VERSION.dll
0x00007ffdc98f0000 - 0x00007ffdc9914000 	C:\WINDOWS\SYSTEM32\WINMM.dll
0x00007ffdb8cd0000 - 0x00007ffdb8cd9000 	C:\WINDOWS\SYSTEM32\WSOCK32.dll
0x00007ffdcf3c0000 - 0x00007ffdcf42f000 	C:\WINDOWS\System32\WS2_32.dll
0x00007ffdc98c0000 - 0x00007ffdc98ed000 	C:\WINDOWS\SYSTEM32\winmmbase.dll
0x00007ffdccdb0000 - 0x00007ffdccdfa000 	C:\WINDOWS\System32\cfgmgr32.dll
0x00007ffdab620000 - 0x00007ffdab62f000 	C:\Program Files\Java\jre1.8.0_221\bin\verify.dll
0x00007ffd92710000 - 0x00007ffd92739000 	C:\Program Files\Java\jre1.8.0_221\bin\java.dll
0x00007ffd93530000 - 0x00007ffd93546000 	C:\Program Files\Java\jre1.8.0_221\bin\zip.dll
0x00007ffdce6f0000 - 0x00007ffdcedd5000 	C:\WINDOWS\System32\SHELL32.dll
0x00007ffdcd860000 - 0x00007ffdcd909000 	C:\WINDOWS\System32\shcore.dll
0x00007ffdcc630000 - 0x00007ffdccdb0000 	C:\WINDOWS\System32\windows.storage.dll
0x00007ffdcc590000 - 0x00007ffdcc5b3000 	C:\WINDOWS\System32\profapi.dll
0x00007ffdcc5c0000 - 0x00007ffdcc60a000 	C:\WINDOWS\System32\powrprof.dll
0x00007ffdcc560000 - 0x00007ffdcc570000 	C:\WINDOWS\System32\UMPDC.dll
0x00007ffdcf560000 - 0x00007ffdcf5b2000 	C:\WINDOWS\System32\shlwapi.dll
0x00007ffdcc610000 - 0x00007ffdcc621000 	C:\WINDOWS\System32\kernel.appcore.dll
0x00007ffdcd700000 - 0x00007ffdcd717000 	C:\WINDOWS\System32\cryptsp.dll
0x00007ffdc3ac0000 - 0x00007ffdc3acd000 	C:\Program Files\Java\jre1.8.0_221\bin\management.dll
0x00007ffd92380000 - 0x00007ffd9239a000 	C:\Program Files\Java\jre1.8.0_221\bin\net.dll
0x00007ffdbb8e0000 - 0x00007ffdbbab5000 	C:\WINDOWS\SYSTEM32\urlmon.dll
0x00007ffdbaa00000 - 0x00007ffdbaca6000 	C:\WINDOWS\SYSTEM32\iertutil.dll
0x00007ffdcbf40000 - 0x00007ffdcbf4c000 	C:\WINDOWS\SYSTEM32\CRYPTBASE.DLL
0x00007ffdcbd70000 - 0x00007ffdcbdd7000 	C:\WINDOWS\system32\mswsock.dll
0x00007ffd92360000 - 0x00007ffd92372000 	C:\Program Files\Java\jre1.8.0_221\bin\nio.dll
0x00007ffdb5690000 - 0x00007ffdb56a6000 	C:\WINDOWS\system32\napinsp.dll
0x00007ffdb5610000 - 0x00007ffdb562a000 	C:\WINDOWS\system32\pnrpnsp.dll
0x00007ffdcbac0000 - 0x00007ffdcbb8a000 	C:\WINDOWS\SYSTEM32\DNSAPI.dll
0x00007ffdcdba0000 - 0x00007ffdcdba8000 	C:\WINDOWS\System32\NSI.dll
0x00007ffdcba80000 - 0x00007ffdcbaba000 	C:\WINDOWS\SYSTEM32\IPHLPAPI.DLL
0x00007ffdb56d0000 - 0x00007ffdb56de000 	C:\WINDOWS\System32\winrnr.dll
0x00007ffdc8210000 - 0x00007ffdc822c000 	C:\WINDOWS\system32\NLAapi.dll
0x00007ffdc70e0000 - 0x00007ffdc70f5000 	C:\WINDOWS\system32\wshbth.dll
0x00007ffdc4b80000 - 0x00007ffdc4b8a000 	C:\Windows\System32\rasadhlp.dll
0x00007ffdbe350000 - 0x00007ffdbe3c7000 	C:\WINDOWS\System32\fwpuclnt.dll
0x00007ffdcd720000 - 0x00007ffdcd746000 	C:\WINDOWS\System32\bcrypt.dll
0x00007ffdcb8e0000 - 0x00007ffdcb913000 	C:\WINDOWS\system32\rsaenh.dll
0x00007ffdcc480000 - 0x00007ffdcc4a5000 	C:\WINDOWS\SYSTEM32\USERENV.dll
0x00007ffdc0660000 - 0x00007ffdc0676000 	C:\WINDOWS\SYSTEM32\dhcpcsvc6.DLL
0x00007ffdbe430000 - 0x00007ffdbe44c000 	C:\WINDOWS\SYSTEM32\dhcpcsvc.DLL
0x00007ffdcae60000 - 0x00007ffdcb054000 	C:\WINDOWS\SYSTEM32\dbghelp.dll

VM Arguments:
jvm_args: -Dcom.sun.management.jmxremote -Dcom.sun.management.jmxremote.port=11835 -Dcom.sun.management.jmxremote.authenticate=false -Dcom.sun.management.jmxremote.ssl=false -Djava.rmi.server.hostname=localhost -Dspring.jmx.enabled=true -Dspring.application.admin.enabled=true -Xverify:none -XX:TieredStopAtLevel=1 -Dspring.boot.project.name=kakaoByTigerBk -Dfile.encoding=UTF-8 -Xmx512M 
java_command: com.tigerbk.kakaoByTigerBk.KakaoByTigerBkApplication --spring.output.ansi.enabled=always
java_class_path (initial): C:\work\java\kakaoByTigerBk\bin\main;C:\Users\TigerBK\.gradle\caches\modules-2\files-2.1\org.projectlombok\lombok\1.18.12\48e4e5d60309ebd833bc528dcf77668eab3cd72c\lombok-1.18.12.jar;C:\Users\TigerBK\.gradle\caches\modules-2\files-2.1\com.googlecode.json-simple\json-simple\1.1\5e303a03d04e6788dddfa3655272580ae0fc13bb\json-simple-1.1.jar;C:\Users\TigerBK\.gradle\caches\modules-2\files-2.1\org.springframework.boot\spring-boot-starter-data-jpa\2.2.6.RELEASE\e6bfecf4694867d815514799ea23a937c623f496\spring-boot-starter-data-jpa-2.2.6.RELEASE.jar;C:\Users\TigerBK\.gradle\caches\modules-2\files-2.1\org.springframework.boot\spring-boot-starter-web\2.2.6.RELEASE\4f76853c40cd6c7a0214083b36cd8cfe7c5d7b48\spring-boot-starter-web-2.2.6.RELEASE.jar;C:\Users\TigerBK\.gradle\caches\modules-2\files-2.1\org.springframework.boot\spring-boot-starter-aop\2.2.6.RELEASE\fc76ce1ca3725c25355703de2ff1015d6b8c80b6\spring-boot-starter-aop-2.2.6.RELEASE.jar;C:\Users\TigerBK\.gradle\caches\modules-2\files-2.1\org.springframework.boot\spring-boot-starter-jdbc\2.2.6.RELEASE\ca8051a3df9eb7355728f1caf22891eec97b9b92\spring-boot-starter-jdbc-2.2.6.RELEASE.jar;C:\Users\TigerBK\.gradle\caches\modules-2\files-2.1\org.hibernate\hibernate-core\5.4.12.Final\7813daed21576920450443097d69823245d112d2\hibernate-core-5.4.12.Final.jar;C:\Users\TigerBK\.gradle\caches\modules-2\files-2.1\org.glassfish.jaxb\jaxb-runtime\2.3.2\5528bc882ea499a09d720b42af11785c4fc6be2a\jaxb-runtime-2.3.2.jar;C:\Users\TigerBK\.gradle\caches\modules-2\files-2.1\org.jvnet.staxex\stax-ex\1.8.1\78011e483a21102fb4858f3e8f269a677e50aa23\stax-ex-1.8.1.jar;C:\Users\TigerBK\.gradle\caches\modules-2\files-2.1\jakarta.xml.bind\jakarta.xml.bind-api\2.3.3\48e3b9cfc10752fba3521d6511f4165bea951801\jakarta.xml.bind-api-2.3.3.jar;C:\Users\TigerBK\.gradle\caches\modules-2\files-2.1\com.sun.istack\istack-commons-runtime\3.0.8\d6a97364045aa6b99bf2d3c566a3f98599c2d296\istack-commons-runtime-3.0.8.jar;C:\Users\TigerBK\.gradle\cac
Launcher Type: SUN_STANDARD

Environment Variables:
JAVA_HOME=C:\Program Files\Android\Android Studio\jre
_JAVA_OPTIONS=-Xmx512M
CLASSPATH=C:\Program Files\Android\Android Studio\jre\lib
PATH=C:/Program Files/Java/jre1.8.0_221/bin/server;C:/Program Files/Java/jre1.8.0_221/bin;C:/Program Files/Java/jre1.8.0_221/lib/amd64;C:\Program Files (x86)\Common Files\Oracle\Java\javapath;C:\Program Files (x86)\Intel\iCLS Client\;C:\Program Files\Intel\iCLS Client\;C:\WINDOWS\system32;C:\WINDOWS;C:\WINDOWS\System32\Wbem;C:\WINDOWS\System32\WindowsPowerShell\v1.0\;C:\Program Files (x86)\Intel\Intel(R) Management Engine Components\DAL;C:\Program Files\Intel\Intel(R) Management Engine Components\DAL;C:\Program Files (x86)\Intel\Intel(R) Management Engine Components\IPT;C:\Program Files\Intel\Intel(R) Management Engine Components\IPT;C:\WINDOWS\System32\OpenSSH\;C:\Program Files\Android\Android Studio\jre\bin;C:\Users\TigerBK\AppData\Local\Android\Sdk\tools;C:\Users\TigerBK\AppData\Local\Android\Sdk\platform-tools;C:\Program Files\dotnet\;C:\Program Files\flutter\bin;C:\Program Files (x86)\Java\jdk1.8.0_181\bin;C:\Program Files\Git\cmd;C:\Program Files\Intel\WiFi\bin\;C:\Program Files\Common Files\Intel\WirelessCommon\;C:\Users\TigerBK\AppData\Roaming\nvm;C:\Program Files\nodejs;C:\Program Files\nodejs\;C:\Program Files\flutter\.pub-cache\bin;C:\Program Files (x86)\PuTTY\;C:\Program Files\Redis\;C:\Program Files (x86)\Microsoft Emulator Manager\1.0\;C:\Users\TigerBK\AppData\Local\Microsoft\WindowsApps;C:\Users\TigerBK\AppData\Local\Programs\Microsoft VS Code\bin;C:\Users\TigerBK\AppData\Local\GitHubDesktop\bin;C:\Program Files\flutter\bin;C:\Program Files\Bandizip\;C:\Users\TigerBK\AppData\Local\Microsoft\WindowsApps;C:\Program Files\Intel\WiFi\bin\;C:\Program Files\Common Files\Intel\WirelessCommon\;C:\Program Files\heroku\bin;C:\Users\TigerBK\AppData\Roaming\nvm;C:\Program Files\nodejs;C:\Users\TigerBK\AppData\Roaming\npm;C:\Program Files\flutter\.pub-cache\bin;C:\Program Files\Android\Android Studio\jre;;C:\Users\TigerBK\Downloads\sts-4.6.0.RELEASE;
USERNAME=TigerBK
OS=Windows_NT
PROCESSOR_IDENTIFIER=Intel64 Family 6 Model 142 Stepping 10, GenuineIntel



---------------  S Y S T E M  ---------------

OS: Windows 10.0 , 64 bit Build 18362 (10.0.18362.778)

CPU:total 8 (initial active 8) (4 cores per cpu, 2 threads per core) family 6 model 142 stepping 10, cmov, cx8, fxsr, mmx, sse, sse2, sse3, ssse3, sse4.1, sse4.2, popcnt, avx, avx2, aes, clmul, erms, 3dnowpref, lzcnt, ht, tsc, tscinvbit, bmi1, bmi2, adx

Memory: 4k page, physical 16606548k(9567860k free), swap 23160148k(14884408k free)

vm_info: Java HotSpot(TM) 64-Bit Server VM (25.221-b11) for windows-amd64 JRE (1.8.0_221-b11), built on Jul  4 2019 04:39:29 by "java_re" with MS VC++ 10.0 (VS2010)

time: Mon Apr 20 09:36:02 2020
timezone: 대한민국 표준시
elapsed time: 32 seconds (0d 0h 0m 32s)

